app/build/intermediates/manifest_merge_blame_file/debug/manifest-merger-blame-debug-report.txt
1<?xml version="1.0" encoding="utf-8"?>
2<manifest xmlns:android="http://schemas.android.com/apk/res/android"
3    package="com.Louay.vateldl2"
4    android:versionCode="1"
5    android:versionName="1.0" >
6
7    <uses-sdk
8        android:minSdkVersion="26"
8-->src\main\AndroidManifest.xml
9        android:targetSdkVersion="31" />
9-->src\main\AndroidManifest.xml
10
11    <uses-permission android:name="android.permission.INTERNET" />
11-->src\main\AndroidManifest.xml:4:5-67
11-->src\main\AndroidManifest.xml:4:22-64
12
13    <application
13-->src\main\AndroidManifest.xml:6:5-62:19
14        android:allowBackup="true"
14-->src\main\AndroidManifest.xml:7:9-35
15        android:appComponentFactory="androidx.core.app.CoreComponentFactory"
15-->[androidx.core:core:1.7.0] AndroidManifest.xml:24:18-86
16        android:debuggable="true"
17        android:extractNativeLibs="false"
18        android:icon="@mipmap/ic_launcher"
18-->src\main\AndroidManifest.xml:8:9-43
19        android:label="@string/app_name"
19-->src\main\AndroidManifest.xml:9:9-41
20        android:roundIcon="@mipmap/ic_launcher_round"
20-->src\main\AndroidManifest.xml:10:9-54
21        android:supportsRtl="true"
21-->src\main\AndroidManifest.xml:11:9-35
22        android:testOnly="true"
23        android:theme="@style/Theme.Project_Code"
23-->src\main\AndroidManifest.xml:12:9-50
24        android:usesCleartextTraffic="true" >
24-->src\main\AndroidManifest.xml:13:9-44
25        <activity
25-->src\main\AndroidManifest.xml:14:9-22:20
26            android:name="com.Louay.vateldl2.presentationLayer.Splash_Screen"
26-->src\main\AndroidManifest.xml:15:13-60
27            android:exported="true" >
27-->src\main\AndroidManifest.xml:16:13-36
28            <intent-filter>
28-->src\main\AndroidManifest.xml:17:13-21:29
29                <action android:name="android.intent.action.MAIN" />
29-->src\main\AndroidManifest.xml:18:17-69
29-->src\main\AndroidManifest.xml:18:25-66
30
31                <category android:name="android.intent.category.LAUNCHER" />
31-->src\main\AndroidManifest.xml:20:17-77
31-->src\main\AndroidManifest.xml:20:27-74
32            </intent-filter>
33        </activity>
34
35        <uses-library
35-->src\main\AndroidManifest.xml:24:9-26:40
36            android:name="org.apache.http.legacy"
36-->src\main\AndroidManifest.xml:25:13-50
37            android:required="false" />
37-->src\main\AndroidManifest.xml:26:13-37
38
39        <activity
39-->src\main\AndroidManifest.xml:28:9-30:38
40            android:name="com.Louay.vateldl2.presentationLayer.Registered_Hotels_Screen"
40-->src\main\AndroidManifest.xml:29:13-71
41            android:exported="true" />
41-->src\main\AndroidManifest.xml:30:13-36
42        <activity
42-->src\main\AndroidManifest.xml:31:9-33:38
43            android:name="com.Louay.vateldl2.presentationLayer.Hotel_Selection"
43-->src\main\AndroidManifest.xml:32:13-62
44            android:exported="true" />
44-->src\main\AndroidManifest.xml:33:13-36
45        <activity
45-->src\main\AndroidManifest.xml:34:9-36:38
46            android:name="com.Louay.vateldl2.presentationLayer.Reservations_Screen"
46-->src\main\AndroidManifest.xml:35:13-66
47            android:exported="true" />
47-->src\main\AndroidManifest.xml:36:13-36
48        <activity
48-->src\main\AndroidManifest.xml:37:9-39:38
49            android:name="com.Louay.vateldl2.presentationLayer.Hotel_Registration_Screen"
49-->src\main\AndroidManifest.xml:38:13-72
50            android:exported="true" />
50-->src\main\AndroidManifest.xml:39:13-36
51        <activity
51-->src\main\AndroidManifest.xml:40:9-42:38
52            android:name="com.Louay.vateldl2.presentationLayer.Hotel_Reservation_Screen"
52-->src\main\AndroidManifest.xml:41:13-71
53            android:exported="true" />
53-->src\main\AndroidManifest.xml:42:13-36
54        <activity
54-->src\main\AndroidManifest.xml:43:9-45:38
55            android:name="com.Louay.vateldl2.presentationLayer.Reserve_Screen"
55-->src\main\AndroidManifest.xml:44:13-61
56            android:exported="true" />
56-->src\main\AndroidManifest.xml:45:13-36
57        <activity
57-->src\main\AndroidManifest.xml:46:9-48:38
58            android:name="com.Louay.vateldl2.presentationLayer.Vendor_Choose_Option_Screen"
58-->src\main\AndroidManifest.xml:47:13-74
59            android:exported="true" />
59-->src\main\AndroidManifest.xml:48:13-36
60        <activity
60-->src\main\AndroidManifest.xml:49:9-51:38
61            android:name="com.Louay.vateldl2.presentationLayer.Customer_Choose_Option_Screen"
61-->src\main\AndroidManifest.xml:50:13-76
62            android:exported="true" />
62-->src\main\AndroidManifest.xml:51:13-36
63        <activity
63-->src\main\AndroidManifest.xml:52:9-54:38
64            android:name="com.Louay.vateldl2.presentationLayer.Register_Screen"
64-->src\main\AndroidManifest.xml:53:13-62
65            android:exported="true" />
65-->src\main\AndroidManifest.xml:54:13-36
66        <activity
66-->src\main\AndroidManifest.xml:55:9-57:38
67            android:name="com.Louay.vateldl2.presentationLayer.Login_Screen"
67-->src\main\AndroidManifest.xml:56:13-59
68            android:exported="true" />
68-->src\main\AndroidManifest.xml:57:13-36
69        <activity
69-->src\main\AndroidManifest.xml:58:9-61:20
70            android:name="com.Louay.vateldl2.presentationLayer.Main_Screen"
70-->src\main\AndroidManifest.xml:59:13-58
71            android:exported="true" >
71-->src\main\AndroidManifest.xml:60:13-36
72        </activity>
73
74        <provider
74-->[com.squareup.picasso:picasso:2.71828] AndroidManifest.xml:8:9-11:40
75            android:name="com.squareup.picasso.PicassoProvider"
75-->[com.squareup.picasso:picasso:2.71828] AndroidManifest.xml:9:13-64
76            android:authorities="com.Louay.vateldl2.com.squareup.picasso"
76-->[com.squareup.picasso:picasso:2.71828] AndroidManifest.xml:10:13-72
77            android:exported="false" />
77-->[com.squareup.picasso:picasso:2.71828] AndroidManifest.xml:11:13-37
78        <provider
78-->[androidx.emoji2:emoji2:1.0.0] AndroidManifest.xml:26:9-34:20
79            android:name="androidx.startup.InitializationProvider"
79-->[androidx.emoji2:emoji2:1.0.0] AndroidManifest.xml:27:13-67
80            android:authorities="com.Louay.vateldl2.androidx-startup"
80-->[androidx.emoji2:emoji2:1.0.0] AndroidManifest.xml:28:13-68
81            android:exported="false" >
81-->[androidx.emoji2:emoji2:1.0.0] AndroidManifest.xml:29:13-37
82            <meta-data
82-->[androidx.emoji2:emoji2:1.0.0] AndroidManifest.xml:31:13-33:52
83                android:name="androidx.emoji2.text.EmojiCompatInitializer"
83-->[androidx.emoji2:emoji2:1.0.0] AndroidManifest.xml:32:17-75
84                android:value="androidx.startup" />
84-->[androidx.emoji2:emoji2:1.0.0] AndroidManifest.xml:33:17-49
85            <meta-data
85-->[androidx.lifecycle:lifecycle-process:2.4.0] AndroidManifest.xml:31:13-33:52
86                android:name="androidx.lifecycle.ProcessLifecycleInitializer"
86-->[androidx.lifecycle:lifecycle-process:2.4.0] AndroidManifest.xml:32:17-78
87                android:value="androidx.startup" />
87-->[androidx.lifecycle:lifecycle-process:2.4.0] AndroidManifest.xml:33:17-49
88        </provider>
89    </application>
90
91</manifest>